<?xml version="1.0" encoding="UTF-8"?>
<testsuite xmlns:xsi="http://www.w3.org/2001/XMLSchema-instance" xsi:schemaLocation="https://maven.apache.org/surefire/maven-surefire-plugin/xsd/surefire-test-report.xsd" name="TestSuite" time="44.468" tests="1" errors="0" skipped="0" failures="1">
  <properties>
[...]
</properties>
  <testcase name="correctLoginTest" classname="tests.LoginTest" time="14.392">
    <failure message="h1 headline correct expected [Profle] but found [Profile]" type="java.lang.AssertionError">java.lang.AssertionError: h1 headline correct expected [Profle] but found [Profile]
	at tests.LoginTest.correctLoginTest(LoginTest.java:38)
</failure>
    <system-out><![CDATA[...
... TestNG 6.9.9 by Cédric Beust (cedric@beust.com)
...

before suite in basetest
2016-01-05 19:12:34 DEBUG RequestAddCookies:122 - CookieSpec selected: default
2016-01-05 19:12:34 DEBUG RequestAuthCache:76 - Auth cache not set in the context
2016-01-05 19:12:34 DEBUG PoolingHttpClientConnectionManager:249 - Connection request: [route: {}->http://127.0.0.1:7055][total kept alive: 0; route allocated: 0 of 2000; total allocated: 0 of 2000]
2016-01-05 19:12:34 DEBUG PoolingHttpClientConnectionManager:282 - Connection leased: [id: 0][route: {}->http://127.0.0.1:7055][total kept alive: 0; route allocated: 1 of 2000; total allocated: 1 of 2000]
2016-01-05 19:12:34 DEBUG MainClientExec:234 - Opening connection {}->http://127.0.0.1:7055
2016-01-05 19:12:34 DEBUG DefaultHttpClientConnectionOperator:131 - Connecting to /127.0.0.1:7055
2016-01-05 19:12:34 DEBUG DefaultHttpClientConnectionOperator:138 - Connection established 127.0.0.1:36014<->127.0.0.1:7055
2016-01-05 19:12:34 DEBUG DefaultManagedHttpClientConnection:90 - http-outgoing-0: set socket timeout to 10800000
2016-01-05 19:12:34 DEBUG MainClientExec:255 - Executing request POST /hub/session HTTP/1.1
2016-01-05 19:12:34 DEBUG MainClientExec:260 - Target auth state: UNCHALLENGED
2016-01-05 19:12:34 DEBUG MainClientExec:266 - Proxy auth state: UNCHALLENGED
2016-01-05 19:12:34 DEBUG headers:135 - http-outgoing-0 >> POST /hub/session HTTP/1.1
2016-01-05 19:12:34 DEBUG headers:138 - http-outgoing-0 >> Content-Type: application/json; charset=utf-8
2016-01-05 19:12:34 DEBUG headers:138 - http-outgoing-0 >> Content-Length: 105
2016-01-05 19:12:34 DEBUG headers:138 - http-outgoing-0 >> Host: 127.0.0.1:7055
2016-01-05 19:12:34 DEBUG headers:138 - http-outgoing-0 >> Connection: Keep-Alive
2016-01-05 19:12:34 DEBUG headers:138 - http-outgoing-0 >> User-Agent: Apache-HttpClient/4.5.1 (Java/1.8.0_65)
2016-01-05 19:12:34 DEBUG headers:138 - http-outgoing-0 >> Accept-Encoding: gzip,deflate
2016-01-05 19:12:34 DEBUG wire:72 - http-outgoing-0 >> "POST /hub/session HTTP/1.1[\r][\n]"
2016-01-05 19:12:34 DEBUG wire:72 - http-outgoing-0 >> "Content-Type: application/json; charset=utf-8[\r][\n]"
2016-01-05 19:12:34 DEBUG wire:72 - http-outgoing-0 >> "Content-Length: 105[\r][\n]"
2016-01-05 19:12:34 DEBUG wire:72 - http-outgoing-0 >> "Host: 127.0.0.1:7055[\r][\n]"
2016-01-05 19:12:34 DEBUG wire:72 - http-outgoing-0 >> "Connection: Keep-Alive[\r][\n]"
2016-01-05 19:12:34 DEBUG wire:72 - http-outgoing-0 >> "User-Agent: Apache-HttpClient/4.5.1 (Java/1.8.0_65)[\r][\n]"
2016-01-05 19:12:34 DEBUG wire:72 - http-outgoing-0 >> "Accept-Encoding: gzip,deflate[\r][\n]"
2016-01-05 19:12:34 DEBUG wire:72 - http-outgoing-0 >> "[\r][\n]"
2016-01-05 19:12:34 DEBUG wire:86 - http-outgoing-0 >> "{"desiredCapabilities":{"browserName":"firefox","version":"","platform":"ANY"},"requiredCapabilities":{}}"
2016-01-05 19:12:35 DEBUG wire:72 - http-outgoing-0 << "HTTP/1.1 200 OK[\r][\n]"
2016-01-05 19:12:35 DEBUG wire:72 - http-outgoing-0 << "content-type: application/json; charset=UTF-8[\r][\n]"
2016-01-05 19:12:35 DEBUG wire:72 - http-outgoing-0 << "connection: close[\r][\n]"
2016-01-05 19:12:35 DEBUG wire:72 - http-outgoing-0 << "content-length: 419[\r][\n]"
2016-01-05 19:12:35 DEBUG wire:72 - http-outgoing-0 << "server: httpd.js[\r][\n]"
2016-01-05 19:12:35 DEBUG wire:72 - http-outgoing-0 << "date: Tue, 05 Jan 2016 18:12:35 GMT[\r][\n]"
2016-01-05 19:12:35 DEBUG wire:72 - http-outgoing-0 << "[\r][\n]"
2016-01-05 19:12:35 DEBUG headers:124 - http-outgoing-0 << HTTP/1.1 200 OK
2016-01-05 19:12:35 DEBUG headers:127 - http-outgoing-0 << content-type: application/json; charset=UTF-8
2016-01-05 19:12:35 DEBUG headers:127 - http-outgoing-0 << connection: close
2016-01-05 19:12:35 DEBUG headers:127 - http-outgoing-0 << content-length: 419
2016-01-05 19:12:35 DEBUG headers:127 - http-outgoing-0 << server: httpd.js
2016-01-05 19:12:35 DEBUG headers:127 - http-outgoing-0 << date: Tue, 05 Jan 2016 18:12:35 GMT
2016-01-05 19:12:36 DEBUG wire:86 - http-outgoing-0 << "{"name":"newSession","sessionId":"851e345c-fec9-46c9-987c-bb665f0e7f0f","status":0,"value":{"cssSelectorsEnabled":true,"browserName":"firefox","handlesAlerts":true,"javascriptEnabled":true,"nativeEvents":false,"platform":"Linux","rotatable":false,"takesScreenshot":true,"version":"43.0","webStorageEnabled":true,"applicationCacheEnabled":true,"databaseEnabled":true,"locationContextEnabled":true,"acceptSslCerts":true}}"
2016-01-05 19:12:36 DEBUG DefaultManagedHttpClientConnection:81 - http-outgoing-0: Close connection
2016-01-05 19:12:36 DEBUG MainClientExec:103 - Connection discarded
2016-01-05 19:12:36 DEBUG PoolingHttpClientConnectionManager:320 - Connection released: [id: 0][route: {}->http://127.0.0.1:7055][total kept alive: 0; route allocated: 0 of 2000; total allocated: 0 of 2000]
2016-01-05 19:12:36 DEBUG RequestAddCookies:122 - CookieSpec selected: default
2016-01-05 19:12:36 DEBUG RequestAuthCache:76 - Auth cache not set in the context
2016-01-05 19:12:36 DEBUG PoolingHttpClientConnectionManager:249 - Connection request: [route: {}->http://127.0.0.1:7055][total kept alive: 0; route allocated: 0 of 2000; total allocated: 0 of 2000]
2016-01-05 19:12:36 DEBUG PoolingHttpClientConnectionManager:282 - Connection leased: [id: 1][route: {}->http://127.0.0.1:7055][total kept alive: 0; route allocated: 1 of 2000; total allocated: 1 of 2000]
2016-01-05 19:12:36 DEBUG MainClientExec:234 - Opening connection {}->http://127.0.0.1:7055
2016-01-05 19:12:36 DEBUG DefaultHttpClientConnectionOperator:131 - Connecting to /127.0.0.1:7055
2016-01-05 19:12:36 DEBUG DefaultHttpClientConnectionOperator:138 - Connection established 127.0.0.1:36015<->127.0.0.1:7055
2016-01-05 19:12:36 DEBUG DefaultManagedHttpClientConnection:90 - http-outgoing-1: set socket timeout to 10800000
2016-01-05 19:12:36 DEBUG MainClientExec:255 - Executing request POST /hub/session/851e345c-fec9-46c9-987c-bb665f0e7f0f/url HTTP/1.1
2016-01-05 19:12:36 DEBUG MainClientExec:260 - Target auth state: UNCHALLENGED
2016-01-05 19:12:36 DEBUG MainClientExec:266 - Proxy auth state: UNCHALLENGED
2016-01-05 19:12:36 DEBUG headers:135 - http-outgoing-1 >> POST /hub/session/851e345c-fec9-46c9-987c-bb665f0e7f0f/url HTTP/1.1
2016-01-05 19:12:36 DEBUG headers:138 - http-outgoing-1 >> Content-Type: application/json; charset=utf-8
2016-01-05 19:12:36 DEBUG headers:138 - http-outgoing-1 >> Content-Length: 26
2016-01-05 19:12:36 DEBUG headers:138 - http-outgoing-1 >> Host: 127.0.0.1:7055
2016-01-05 19:12:36 DEBUG headers:138 - http-outgoing-1 >> Connection: Keep-Alive
2016-01-05 19:12:36 DEBUG headers:138 - http-outgoing-1 >> User-Agent: Apache-HttpClient/4.5.1 (Java/1.8.0_65)
2016-01-05 19:12:36 DEBUG headers:138 - http-outgoing-1 >> Accept-Encoding: gzip,deflate
2016-01-05 19:12:36 DEBUG wire:72 - http-outgoing-1 >> "POST /hub/session/851e345c-fec9-46c9-987c-bb665f0e7f0f/url HTTP/1.1[\r][\n]"
2016-01-05 19:12:36 DEBUG wire:72 - http-outgoing-1 >> "Content-Type: application/json; charset=utf-8[\r][\n]"
2016-01-05 19:12:36 DEBUG wire:72 - http-outgoing-1 >> "Content-Length: 26[\r][\n]"
2016-01-05 19:12:36 DEBUG wire:72 - http-outgoing-1 >> "Host: 127.0.0.1:7055[\r][\n]"
2016-01-05 19:12:36 DEBUG wire:72 - http-outgoing-1 >> "Connection: Keep-Alive[\r][\n]"
2016-01-05 19:12:36 DEBUG wire:72 - http-outgoing-1 >> "User-Agent: Apache-HttpClient/4.5.1 (Java/1.8.0_65)[\r][\n]"
2016-01-05 19:12:36 DEBUG wire:72 - http-outgoing-1 >> "Accept-Encoding: gzip,deflate[\r][\n]"
2016-01-05 19:12:36 DEBUG wire:72 - http-outgoing-1 >> "[\r][\n]"
2016-01-05 19:12:36 DEBUG wire:86 - http-outgoing-1 >> "{"url":"http://localhost"}"
2016-01-05 19:12:36 DEBUG wire:72 - http-outgoing-1 << "HTTP/1.1 200 OK[\r][\n]"
2016-01-05 19:12:36 DEBUG wire:72 - http-outgoing-1 << "content-type: application/json; charset=UTF-8[\r][\n]"
2016-01-05 19:12:36 DEBUG wire:72 - http-outgoing-1 << "connection: close[\r][\n]"
2016-01-05 19:12:36 DEBUG wire:72 - http-outgoing-1 << "content-length: 87[\r][\n]"
2016-01-05 19:12:36 DEBUG wire:72 - http-outgoing-1 << "server: httpd.js[\r][\n]"
2016-01-05 19:12:36 DEBUG wire:72 - http-outgoing-1 << "date: Tue, 05 Jan 2016 18:12:36 GMT[\r][\n]"
2016-01-05 19:12:36 DEBUG wire:72 - http-outgoing-1 << "[\r][\n]"
2016-01-05 19:12:36 DEBUG headers:124 - http-outgoing-1 << HTTP/1.1 200 OK
2016-01-05 19:12:36 DEBUG headers:127 - http-outgoing-1 << content-type: application/json; charset=UTF-8
2016-01-05 19:12:36 DEBUG headers:127 - http-outgoing-1 << connection: close
2016-01-05 19:12:36 DEBUG headers:127 - http-outgoing-1 << content-length: 87
2016-01-05 19:12:36 DEBUG headers:127 - http-outgoing-1 << server: httpd.js
2016-01-05 19:12:36 DEBUG headers:127 - http-outgoing-1 << date: Tue, 05 Jan 2016 18:12:36 GMT
2016-01-05 19:12:37 DEBUG wire:86 - http-outgoing-1 << "{"name":"get","sessionId":"851e345c-fec9-46c9-987c-bb665f0e7f0f","status":0,"value":""}"
2016-01-05 19:12:37 DEBUG DefaultManagedHttpClientConnection:81 - http-outgoing-1: Close connection
2016-01-05 19:12:37 DEBUG MainClientExec:103 - Connection discarded
2016-01-05 19:12:37 DEBUG PoolingHttpClientConnectionManager:320 - Connection released: [id: 1][route: {}->http://127.0.0.1:7055][total kept alive: 0; route allocated: 0 of 2000; total allocated: 0 of 2000]
2016-01-05 19:12:37 DEBUG RequestAddCookies:122 - CookieSpec selected: default
2016-01-05 19:12:37 DEBUG RequestAuthCache:76 - Auth cache not set in the context
2016-01-05 19:12:37 DEBUG PoolingHttpClientConnectionManager:249 - Connection request: [route: {}->http://127.0.0.1:7055][total kept alive: 0; route allocated: 0 of 2000; total allocated: 0 of 2000]
2016-01-05 19:12:37 DEBUG PoolingHttpClientConnectionManager:282 - Connection leased: [id: 2][route: {}->http://127.0.0.1:7055][total kept alive: 0; route allocated: 1 of 2000; total allocated: 1 of 2000]
2016-01-05 19:12:37 DEBUG MainClientExec:234 - Opening connection {}->http://127.0.0.1:7055
2016-01-05 19:12:37 DEBUG DefaultHttpClientConnectionOperator:131 - Connecting to /127.0.0.1:7055
2016-01-05 19:12:37 DEBUG DefaultHttpClientConnectionOperator:138 - Connection established 127.0.0.1:36018<->127.0.0.1:7055
2016-01-05 19:12:37 DEBUG DefaultManagedHttpClientConnection:90 - http-outgoing-2: set socket timeout to 10800000
2016-01-05 19:12:37 DEBUG MainClientExec:255 - Executing request POST /hub/session/851e345c-fec9-46c9-987c-bb665f0e7f0f/window/current/maximize HTTP/1.1
2016-01-05 19:12:37 DEBUG MainClientExec:260 - Target auth state: UNCHALLENGED
2016-01-05 19:12:37 DEBUG MainClientExec:266 - Proxy auth state: UNCHALLENGED
2016-01-05 19:12:37 DEBUG headers:135 - http-outgoing-2 >> POST /hub/session/851e345c-fec9-46c9-987c-bb665f0e7f0f/window/current/maximize HTTP/1.1
2016-01-05 19:12:37 DEBUG headers:138 - http-outgoing-2 >> Content-Type: application/json; charset=utf-8
2016-01-05 19:12:37 DEBUG headers:138 - http-outgoing-2 >> Content-Length: 26
2016-01-05 19:12:37 DEBUG headers:138 - http-outgoing-2 >> Host: 127.0.0.1:7055
2016-01-05 19:12:37 DEBUG headers:138 - http-outgoing-2 >> Connection: Keep-Alive
2016-01-05 19:12:37 DEBUG headers:138 - http-outgoing-2 >> User-Agent: Apache-HttpClient/4.5.1 (Java/1.8.0_65)
2016-01-05 19:12:37 DEBUG headers:138 - http-outgoing-2 >> Accept-Encoding: gzip,deflate
2016-01-05 19:12:37 DEBUG wire:72 - http-outgoing-2 >> "POST /hub/session/851e345c-fec9-46c9-987c-bb665f0e7f0f/window/current/maximize HTTP/1.1[\r][\n]"
2016-01-05 19:12:37 DEBUG wire:72 - http-outgoing-2 >> "Content-Type: application/json; charset=utf-8[\r][\n]"
2016-01-05 19:12:37 DEBUG wire:72 - http-outgoing-2 >> "Content-Length: 26[\r][\n]"
2016-01-05 19:12:37 DEBUG wire:72 - http-outgoing-2 >> "Host: 127.0.0.1:7055[\r][\n]"
2016-01-05 19:12:37 DEBUG wire:72 - http-outgoing-2 >> "Connection: Keep-Alive[\r][\n]"
2016-01-05 19:12:37 DEBUG wire:72 - http-outgoing-2 >> "User-Agent: Apache-HttpClient/4.5.1 (Java/1.8.0_65)[\r][\n]"
2016-01-05 19:12:37 DEBUG wire:72 - http-outgoing-2 >> "Accept-Encoding: gzip,deflate[\r][\n]"
2016-01-05 19:12:37 DEBUG wire:72 - http-outgoing-2 >> "[\r][\n]"
2016-01-05 19:12:37 DEBUG wire:86 - http-outgoing-2 >> "{"windowHandle":"current"}"
2016-01-05 19:12:40 DEBUG wire:72 - http-outgoing-2 << "HTTP/1.1 200 OK[\r][\n]"
2016-01-05 19:12:40 DEBUG wire:72 - http-outgoing-2 << "content-type: application/json; charset=UTF-8[\r][\n]"
2016-01-05 19:12:40 DEBUG wire:72 - http-outgoing-2 << "connection: close[\r][\n]"
2016-01-05 19:12:40 DEBUG wire:72 - http-outgoing-2 << "content-length: 98[\r][\n]"
2016-01-05 19:12:40 DEBUG wire:72 - http-outgoing-2 << "server: httpd.js[\r][\n]"
2016-01-05 19:12:40 DEBUG wire:72 - http-outgoing-2 << "date: Tue, 05 Jan 2016 18:12:40 GMT[\r][\n]"
2016-01-05 19:12:40 DEBUG wire:72 - http-outgoing-2 << "[\r][\n]"
2016-01-05 19:12:40 DEBUG headers:124 - http-outgoing-2 << HTTP/1.1 200 OK
2016-01-05 19:12:40 DEBUG headers:127 - http-outgoing-2 << content-type: application/json; charset=UTF-8
2016-01-05 19:12:40 DEBUG headers:127 - http-outgoing-2 << connection: close
2016-01-05 19:12:40 DEBUG headers:127 - http-outgoing-2 << content-length: 98
2016-01-05 19:12:40 DEBUG headers:127 - http-outgoing-2 << server: httpd.js
2016-01-05 19:12:40 DEBUG headers:127 - http-outgoing-2 << date: Tue, 05 Jan 2016 18:12:40 GMT
2016-01-05 19:12:40 DEBUG wire:86 - http-outgoing-2 << "{"name":"maximizeWindow","sessionId":"851e345c-fec9-46c9-987c-bb665f0e7f0f","status":0,"value":""}"
2016-01-05 19:12:40 DEBUG DefaultManagedHttpClientConnection:81 - http-outgoing-2: Close connection
2016-01-05 19:12:40 DEBUG MainClientExec:103 - Connection discarded
2016-01-05 19:12:40 DEBUG PoolingHttpClientConnectionManager:320 - Connection released: [id: 2][route: {}->http://127.0.0.1:7055][total kept alive: 0; route allocated: 0 of 2000; total allocated: 0 of 2000]
2016-01-05 19:12:41 INFO  BasicPage:24 - goto Author Login Page by Header link
2016-01-05 19:12:41 DEBUG RequestAddCookies:122 - CookieSpec selected: default
2016-01-05 19:12:41 DEBUG RequestAuthCache:76 - Auth cache not set in the context
2016-01-05 19:12:41 DEBUG PoolingHttpClientConnectionManager:249 - Connection request: [route: {}->http://127.0.0.1:7055][total kept alive: 0; route allocated: 0 of 2000; total allocated: 0 of 2000]
2016-01-05 19:12:41 DEBUG PoolingHttpClientConnectionManager:282 - Connection leased: [id: 3][route: {}->http://127.0.0.1:7055][total kept alive: 0; route allocated: 1 of 2000; total allocated: 1 of 2000]
2016-01-05 19:12:41 DEBUG MainClientExec:234 - Opening connection {}->http://127.0.0.1:7055
2016-01-05 19:12:41 DEBUG DefaultHttpClientConnectionOperator:131 - Connecting to /127.0.0.1:7055
2016-01-05 19:12:41 DEBUG DefaultHttpClientConnectionOperator:138 - Connection established 127.0.0.1:36032<->127.0.0.1:7055
2016-01-05 19:12:41 DEBUG DefaultManagedHttpClientConnection:90 - http-outgoing-3: set socket timeout to 10800000
2016-01-05 19:12:41 DEBUG MainClientExec:255 - Executing request POST /hub/session/851e345c-fec9-46c9-987c-bb665f0e7f0f/element HTTP/1.1
2016-01-05 19:12:41 DEBUG MainClientExec:260 - Target auth state: UNCHALLENGED
2016-01-05 19:12:41 DEBUG MainClientExec:266 - Proxy auth state: UNCHALLENGED
2016-01-05 19:12:41 DEBUG headers:135 - http-outgoing-3 >> POST /hub/session/851e345c-fec9-46c9-987c-bb665f0e7f0f/element HTTP/1.1
2016-01-05 19:12:41 DEBUG headers:138 - http-outgoing-3 >> Content-Type: application/json; charset=utf-8
2016-01-05 19:12:41 DEBUG headers:138 - http-outgoing-3 >> Content-Length: 44
2016-01-05 19:12:41 DEBUG headers:138 - http-outgoing-3 >> Host: 127.0.0.1:7055
2016-01-05 19:12:41 DEBUG headers:138 - http-outgoing-3 >> Connection: Keep-Alive
2016-01-05 19:12:41 DEBUG headers:138 - http-outgoing-3 >> User-Agent: Apache-HttpClient/4.5.1 (Java/1.8.0_65)
2016-01-05 19:12:41 DEBUG headers:138 - http-outgoing-3 >> Accept-Encoding: gzip,deflate
2016-01-05 19:12:41 DEBUG wire:72 - http-outgoing-3 >> "POST /hub/session/851e345c-fec9-46c9-987c-bb665f0e7f0f/element HTTP/1.1[\r][\n]"
2016-01-05 19:12:41 DEBUG wire:72 - http-outgoing-3 >> "Content-Type: application/json; charset=utf-8[\r][\n]"
2016-01-05 19:12:41 DEBUG wire:72 - http-outgoing-3 >> "Content-Length: 44[\r][\n]"
2016-01-05 19:12:41 DEBUG wire:72 - http-outgoing-3 >> "Host: 127.0.0.1:7055[\r][\n]"
2016-01-05 19:12:41 DEBUG wire:72 - http-outgoing-3 >> "Connection: Keep-Alive[\r][\n]"
2016-01-05 19:12:41 DEBUG wire:72 - http-outgoing-3 >> "User-Agent: Apache-HttpClient/4.5.1 (Java/1.8.0_65)[\r][\n]"
2016-01-05 19:12:41 DEBUG wire:72 - http-outgoing-3 >> "Accept-Encoding: gzip,deflate[\r][\n]"
2016-01-05 19:12:41 DEBUG wire:72 - http-outgoing-3 >> "[\r][\n]"
2016-01-05 19:12:41 DEBUG wire:86 - http-outgoing-3 >> "{"using":"link text","value":"Author Login"}"
2016-01-05 19:12:41 DEBUG wire:72 - http-outgoing-3 << "HTTP/1.1 200 OK[\r][\n]"
2016-01-05 19:12:41 DEBUG wire:72 - http-outgoing-3 << "content-type: application/json; charset=UTF-8[\r][\n]"
2016-01-05 19:12:42 DEBUG wire:72 - http-outgoing-3 << "connection: close[\r][\n]"
2016-01-05 19:12:42 DEBUG wire:72 - http-outgoing-3 << "content-length: 224[\r][\n]"
2016-01-05 19:12:42 DEBUG wire:72 - http-outgoing-3 << "server: httpd.js[\r][\n]"
2016-01-05 19:12:42 DEBUG wire:72 - http-outgoing-3 << "date: Tue, 05 Jan 2016 18:12:41 GMT[\r][\n]"
2016-01-05 19:12:42 DEBUG wire:72 - http-outgoing-3 << "[\r][\n]"
2016-01-05 19:12:42 DEBUG headers:124 - http-outgoing-3 << HTTP/1.1 200 OK
2016-01-05 19:12:42 DEBUG headers:127 - http-outgoing-3 << content-type: application/json; charset=UTF-8
2016-01-05 19:12:42 DEBUG headers:127 - http-outgoing-3 << connection: close
2016-01-05 19:12:42 DEBUG headers:127 - http-outgoing-3 << content-length: 224
2016-01-05 19:12:42 DEBUG headers:127 - http-outgoing-3 << server: httpd.js
2016-01-05 19:12:42 DEBUG headers:127 - http-outgoing-3 << date: Tue, 05 Jan 2016 18:12:41 GMT
2016-01-05 19:12:42 DEBUG wire:86 - http-outgoing-3 << "{"name":"findElement","sessionId":"851e345c-fec9-46c9-987c-bb665f0e7f0f","status":0,"value":{"ELEMENT":"{ab908e18-9a8c-44eb-9db2-705c5d8ef4ad}","element-6066-11e4-a52e-4f735466cecf":"{ab908e18-9a8c-44eb-9db2-705c5d8ef4ad}"}}"
2016-01-05 19:12:42 DEBUG DefaultManagedHttpClientConnection:81 - http-outgoing-3: Close connection
2016-01-05 19:12:42 DEBUG MainClientExec:103 - Connection discarded
2016-01-05 19:12:42 DEBUG PoolingHttpClientConnectionManager:320 - Connection released: [id: 3][route: {}->http://127.0.0.1:7055][total kept alive: 0; route allocated: 0 of 2000; total allocated: 0 of 2000]
2016-01-05 19:12:42 DEBUG RequestAddCookies:122 - CookieSpec selected: default
2016-01-05 19:12:42 DEBUG RequestAuthCache:76 - Auth cache not set in the context
2016-01-05 19:12:42 DEBUG PoolingHttpClientConnectionManager:249 - Connection request: [route: {}->http://127.0.0.1:7055][total kept alive: 0; route allocated: 0 of 2000; total allocated: 0 of 2000]
2016-01-05 19:12:42 DEBUG PoolingHttpClientConnectionManager:282 - Connection leased: [id: 4][route: {}->http://127.0.0.1:7055][total kept alive: 0; route allocated: 1 of 2000; total allocated: 1 of 2000]
2016-01-05 19:12:42 DEBUG MainClientExec:234 - Opening connection {}->http://127.0.0.1:7055
2016-01-05 19:12:42 DEBUG DefaultHttpClientConnectionOperator:131 - Connecting to /127.0.0.1:7055
2016-01-05 19:12:42 DEBUG DefaultHttpClientConnectionOperator:138 - Connection established 127.0.0.1:36033<->127.0.0.1:7055
2016-01-05 19:12:42 DEBUG DefaultManagedHttpClientConnection:90 - http-outgoing-4: set socket timeout to 10800000
2016-01-05 19:12:42 DEBUG MainClientExec:255 - Executing request POST /hub/session/851e345c-fec9-46c9-987c-bb665f0e7f0f/element/%7Bab908e18-9a8c-44eb-9db2-705c5d8ef4ad%7D/click HTTP/1.1
2016-01-05 19:12:42 DEBUG MainClientExec:260 - Target auth state: UNCHALLENGED
2016-01-05 19:12:42 DEBUG MainClientExec:266 - Proxy auth state: UNCHALLENGED
2016-01-05 19:12:42 DEBUG headers:135 - http-outgoing-4 >> POST /hub/session/851e345c-fec9-46c9-987c-bb665f0e7f0f/element/%7Bab908e18-9a8c-44eb-9db2-705c5d8ef4ad%7D/click HTTP/1.1
2016-01-05 19:12:42 DEBUG headers:138 - http-outgoing-4 >> Content-Type: application/json; charset=utf-8
2016-01-05 19:12:42 DEBUG headers:138 - http-outgoing-4 >> Content-Length: 47
2016-01-05 19:12:42 DEBUG headers:138 - http-outgoing-4 >> Host: 127.0.0.1:7055
2016-01-05 19:12:42 DEBUG headers:138 - http-outgoing-4 >> Connection: Keep-Alive
2016-01-05 19:12:42 DEBUG headers:138 - http-outgoing-4 >> User-Agent: Apache-HttpClient/4.5.1 (Java/1.8.0_65)
2016-01-05 19:12:42 DEBUG headers:138 - http-outgoing-4 >> Accept-Encoding: gzip,deflate
2016-01-05 19:12:42 DEBUG wire:72 - http-outgoing-4 >> "POST /hub/session/851e345c-fec9-46c9-987c-bb665f0e7f0f/element/%7Bab908e18-9a8c-44eb-9db2-705c5d8ef4ad%7D/click HTTP/1.1[\r][\n]"
2016-01-05 19:12:42 DEBUG wire:72 - http-outgoing-4 >> "Content-Type: application/json; charset=utf-8[\r][\n]"
2016-01-05 19:12:42 DEBUG wire:72 - http-outgoing-4 >> "Content-Length: 47[\r][\n]"
2016-01-05 19:12:42 DEBUG wire:72 - http-outgoing-4 >> "Host: 127.0.0.1:7055[\r][\n]"
2016-01-05 19:12:42 DEBUG wire:72 - http-outgoing-4 >> "Connection: Keep-Alive[\r][\n]"
2016-01-05 19:12:42 DEBUG wire:72 - http-outgoing-4 >> "User-Agent: Apache-HttpClient/4.5.1 (Java/1.8.0_65)[\r][\n]"
2016-01-05 19:12:42 DEBUG wire:72 - http-outgoing-4 >> "Accept-Encoding: gzip,deflate[\r][\n]"
2016-01-05 19:12:42 DEBUG wire:72 - http-outgoing-4 >> "[\r][\n]"
2016-01-05 19:12:42 DEBUG wire:86 - http-outgoing-4 >> "{"id":"{ab908e18-9a8c-44eb-9db2-705c5d8ef4ad}"}"
2016-01-05 19:12:42 DEBUG wire:72 - http-outgoing-4 << "HTTP/1.1 200 OK[\r][\n]"
2016-01-05 19:12:42 DEBUG wire:72 - http-outgoing-4 << "content-type: application/json; charset=UTF-8[\r][\n]"
2016-01-05 19:12:42 DEBUG wire:72 - http-outgoing-4 << "connection: close[\r][\n]"
2016-01-05 19:12:42 DEBUG wire:72 - http-outgoing-4 << "content-length: 98[\r][\n]"
2016-01-05 19:12:42 DEBUG wire:72 - http-outgoing-4 << "server: httpd.js[\r][\n]"
2016-01-05 19:12:42 DEBUG wire:72 - http-outgoing-4 << "date: Tue, 05 Jan 2016 18:12:42 GMT[\r][\n]"
2016-01-05 19:12:42 DEBUG wire:72 - http-outgoing-4 << "[\r][\n]"
2016-01-05 19:12:42 DEBUG headers:124 - http-outgoing-4 << HTTP/1.1 200 OK
2016-01-05 19:12:42 DEBUG headers:127 - http-outgoing-4 << content-type: application/json; charset=UTF-8
2016-01-05 19:12:42 DEBUG headers:127 - http-outgoing-4 << connection: close
2016-01-05 19:12:42 DEBUG headers:127 - http-outgoing-4 << content-length: 98
2016-01-05 19:12:42 DEBUG headers:127 - http-outgoing-4 << server: httpd.js
2016-01-05 19:12:42 DEBUG headers:127 - http-outgoing-4 << date: Tue, 05 Jan 2016 18:12:42 GMT
2016-01-05 19:12:42 DEBUG wire:86 - http-outgoing-4 << "{"name":"clickElement","sessionId":"851e345c-fec9-46c9-987c-bb665f0e7f0f","status":0,"value":"ok"}"
2016-01-05 19:12:42 DEBUG DefaultManagedHttpClientConnection:81 - http-outgoing-4: Close connection
2016-01-05 19:12:42 DEBUG MainClientExec:103 - Connection discarded
2016-01-05 19:12:42 DEBUG PoolingHttpClientConnectionManager:320 - Connection released: [id: 4][route: {}->http://127.0.0.1:7055][total kept alive: 0; route allocated: 0 of 2000; total allocated: 0 of 2000]
2016-01-05 19:12:42 INFO  AuthorLoginPage:24 - input username
2016-01-05 19:12:42 DEBUG RequestAddCookies:122 - CookieSpec selected: default
2016-01-05 19:12:42 DEBUG RequestAuthCache:76 - Auth cache not set in the context
2016-01-05 19:12:42 DEBUG PoolingHttpClientConnectionManager:249 - Connection request: [route: {}->http://127.0.0.1:7055][total kept alive: 0; route allocated: 0 of 2000; total allocated: 0 of 2000]
2016-01-05 19:12:42 DEBUG PoolingHttpClientConnectionManager:282 - Connection leased: [id: 5][route: {}->http://127.0.0.1:7055][total kept alive: 0; route allocated: 1 of 2000; total allocated: 1 of 2000]
2016-01-05 19:12:42 DEBUG MainClientExec:234 - Opening connection {}->http://127.0.0.1:7055
2016-01-05 19:12:42 DEBUG DefaultHttpClientConnectionOperator:131 - Connecting to /127.0.0.1:7055
2016-01-05 19:12:42 DEBUG DefaultHttpClientConnectionOperator:138 - Connection established 127.0.0.1:36035<->127.0.0.1:7055
2016-01-05 19:12:42 DEBUG DefaultManagedHttpClientConnection:90 - http-outgoing-5: set socket timeout to 10800000
2016-01-05 19:12:42 DEBUG MainClientExec:255 - Executing request POST /hub/session/851e345c-fec9-46c9-987c-bb665f0e7f0f/element HTTP/1.1
2016-01-05 19:12:42 DEBUG MainClientExec:260 - Target auth state: UNCHALLENGED
2016-01-05 19:12:42 DEBUG MainClientExec:266 - Proxy auth state: UNCHALLENGED
2016-01-05 19:12:42 DEBUG headers:135 - http-outgoing-5 >> POST /hub/session/851e345c-fec9-46c9-987c-bb665f0e7f0f/element HTTP/1.1
2016-01-05 19:12:42 DEBUG headers:138 - http-outgoing-5 >> Content-Type: application/json; charset=utf-8
2016-01-05 19:12:42 DEBUG headers:138 - http-outgoing-5 >> Content-Length: 33
2016-01-05 19:12:42 DEBUG headers:138 - http-outgoing-5 >> Host: 127.0.0.1:7055
2016-01-05 19:12:42 DEBUG headers:138 - http-outgoing-5 >> Connection: Keep-Alive
2016-01-05 19:12:42 DEBUG headers:138 - http-outgoing-5 >> User-Agent: Apache-HttpClient/4.5.1 (Java/1.8.0_65)
2016-01-05 19:12:42 DEBUG headers:138 - http-outgoing-5 >> Accept-Encoding: gzip,deflate
2016-01-05 19:12:42 DEBUG wire:72 - http-outgoing-5 >> "POST /hub/session/851e345c-fec9-46c9-987c-bb665f0e7f0f/element HTTP/1.1[\r][\n]"
2016-01-05 19:12:42 DEBUG wire:72 - http-outgoing-5 >> "Content-Type: application/json; charset=utf-8[\r][\n]"
2016-01-05 19:12:42 DEBUG wire:72 - http-outgoing-5 >> "Content-Length: 33[\r][\n]"
2016-01-05 19:12:42 DEBUG wire:72 - http-outgoing-5 >> "Host: 127.0.0.1:7055[\r][\n]"
2016-01-05 19:12:42 DEBUG wire:72 - http-outgoing-5 >> "Connection: Keep-Alive[\r][\n]"
2016-01-05 19:12:42 DEBUG wire:72 - http-outgoing-5 >> "User-Agent: Apache-HttpClient/4.5.1 (Java/1.8.0_65)[\r][\n]"
2016-01-05 19:12:42 DEBUG wire:72 - http-outgoing-5 >> "Accept-Encoding: gzip,deflate[\r][\n]"
2016-01-05 19:12:42 DEBUG wire:72 - http-outgoing-5 >> "[\r][\n]"
2016-01-05 19:12:42 DEBUG wire:86 - http-outgoing-5 >> "{"using":"id","value":"username"}"
2016-01-05 19:12:47 DEBUG wire:72 - http-outgoing-5 << "HTTP/1.1 200 OK[\r][\n]"
2016-01-05 19:12:47 DEBUG wire:72 - http-outgoing-5 << "content-type: application/json; charset=UTF-8[\r][\n]"
2016-01-05 19:12:47 DEBUG wire:72 - http-outgoing-5 << "connection: close[\r][\n]"
2016-01-05 19:12:47 DEBUG wire:72 - http-outgoing-5 << "content-length: 224[\r][\n]"
2016-01-05 19:12:47 DEBUG wire:72 - http-outgoing-5 << "server: httpd.js[\r][\n]"
2016-01-05 19:12:47 DEBUG wire:72 - http-outgoing-5 << "date: Tue, 05 Jan 2016 18:12:47 GMT[\r][\n]"
2016-01-05 19:12:47 DEBUG wire:72 - http-outgoing-5 << "[\r][\n]"
2016-01-05 19:12:47 DEBUG headers:124 - http-outgoing-5 << HTTP/1.1 200 OK
2016-01-05 19:12:47 DEBUG headers:127 - http-outgoing-5 << content-type: application/json; charset=UTF-8
2016-01-05 19:12:47 DEBUG headers:127 - http-outgoing-5 << connection: close
2016-01-05 19:12:47 DEBUG headers:127 - http-outgoing-5 << content-length: 224
2016-01-05 19:12:47 DEBUG headers:127 - http-outgoing-5 << server: httpd.js
2016-01-05 19:12:47 DEBUG headers:127 - http-outgoing-5 << date: Tue, 05 Jan 2016 18:12:47 GMT
2016-01-05 19:12:47 DEBUG wire:86 - http-outgoing-5 << "{"name":"findElement","sessionId":"851e345c-fec9-46c9-987c-bb665f0e7f0f","status":0,"value":{"ELEMENT":"{3777be78-72f3-4acd-bb29-3a2dde088364}","element-6066-11e4-a52e-4f735466cecf":"{3777be78-72f3-4acd-bb29-3a2dde088364}"}}"
2016-01-05 19:12:47 DEBUG DefaultManagedHttpClientConnection:81 - http-outgoing-5: Close connection
2016-01-05 19:12:47 DEBUG MainClientExec:103 - Connection discarded
2016-01-05 19:12:47 DEBUG PoolingHttpClientConnectionManager:320 - Connection released: [id: 5][route: {}->http://127.0.0.1:7055][total kept alive: 0; route allocated: 0 of 2000; total allocated: 0 of 2000]
2016-01-05 19:12:47 DEBUG RequestAddCookies:122 - CookieSpec selected: default
2016-01-05 19:12:47 DEBUG RequestAuthCache:76 - Auth cache not set in the context
2016-01-05 19:12:47 DEBUG PoolingHttpClientConnectionManager:249 - Connection request: [route: {}->http://127.0.0.1:7055][total kept alive: 0; route allocated: 0 of 2000; total allocated: 0 of 2000]
2016-01-05 19:12:47 DEBUG PoolingHttpClientConnectionManager:282 - Connection leased: [id: 6][route: {}->http://127.0.0.1:7055][total kept alive: 0; route allocated: 1 of 2000; total allocated: 1 of 2000]
2016-01-05 19:12:47 DEBUG MainClientExec:234 - Opening connection {}->http://127.0.0.1:7055
2016-01-05 19:12:48 DEBUG DefaultHttpClientConnectionOperator:131 - Connecting to /127.0.0.1:7055
2016-01-05 19:12:48 DEBUG DefaultHttpClientConnectionOperator:138 - Connection established 127.0.0.1:36036<->127.0.0.1:7055
2016-01-05 19:12:48 DEBUG DefaultManagedHttpClientConnection:90 - http-outgoing-6: set socket timeout to 10800000
2016-01-05 19:12:48 DEBUG MainClientExec:255 - Executing request POST /hub/session/851e345c-fec9-46c9-987c-bb665f0e7f0f/element/%7B3777be78-72f3-4acd-bb29-3a2dde088364%7D/value HTTP/1.1
2016-01-05 19:12:48 DEBUG MainClientExec:260 - Target auth state: UNCHALLENGED
2016-01-05 19:12:48 DEBUG MainClientExec:266 - Proxy auth state: UNCHALLENGED
2016-01-05 19:12:48 DEBUG headers:135 - http-outgoing-6 >> POST /hub/session/851e345c-fec9-46c9-987c-bb665f0e7f0f/element/%7B3777be78-72f3-4acd-bb29-3a2dde088364%7D/value HTTP/1.1
2016-01-05 19:12:48 DEBUG headers:138 - http-outgoing-6 >> Content-Type: application/json; charset=utf-8
2016-01-05 19:12:48 DEBUG headers:138 - http-outgoing-6 >> Content-Length: 65
2016-01-05 19:12:48 DEBUG headers:138 - http-outgoing-6 >> Host: 127.0.0.1:7055
2016-01-05 19:12:48 DEBUG headers:138 - http-outgoing-6 >> Connection: Keep-Alive
2016-01-05 19:12:48 DEBUG headers:138 - http-outgoing-6 >> User-Agent: Apache-HttpClient/4.5.1 (Java/1.8.0_65)
2016-01-05 19:12:48 DEBUG headers:138 - http-outgoing-6 >> Accept-Encoding: gzip,deflate
2016-01-05 19:12:48 DEBUG wire:72 - http-outgoing-6 >> "POST /hub/session/851e345c-fec9-46c9-987c-bb665f0e7f0f/element/%7B3777be78-72f3-4acd-bb29-3a2dde088364%7D/value HTTP/1.1[\r][\n]"
2016-01-05 19:12:48 DEBUG wire:72 - http-outgoing-6 >> "Content-Type: application/json; charset=utf-8[\r][\n]"
2016-01-05 19:12:48 DEBUG wire:72 - http-outgoing-6 >> "Content-Length: 65[\r][\n]"
2016-01-05 19:12:48 DEBUG wire:72 - http-outgoing-6 >> "Host: 127.0.0.1:7055[\r][\n]"
2016-01-05 19:12:48 DEBUG wire:72 - http-outgoing-6 >> "Connection: Keep-Alive[\r][\n]"
2016-01-05 19:12:48 DEBUG wire:72 - http-outgoing-6 >> "User-Agent: Apache-HttpClient/4.5.1 (Java/1.8.0_65)[\r][\n]"
2016-01-05 19:12:48 DEBUG wire:72 - http-outgoing-6 >> "Accept-Encoding: gzip,deflate[\r][\n]"
2016-01-05 19:12:48 DEBUG wire:72 - http-outgoing-6 >> "[\r][\n]"
2016-01-05 19:12:48 DEBUG wire:86 - http-outgoing-6 >> "{"id":"{3777be78-72f3-4acd-bb29-3a2dde088364}","value":["admin"]}"
2016-01-05 19:12:48 DEBUG wire:72 - http-outgoing-6 << "HTTP/1.1 200 OK[\r][\n]"
2016-01-05 19:12:48 DEBUG wire:72 - http-outgoing-6 << "content-type: application/json; charset=UTF-8[\r][\n]"
2016-01-05 19:12:48 DEBUG wire:72 - http-outgoing-6 << "connection: close[\r][\n]"
2016-01-05 19:12:48 DEBUG wire:72 - http-outgoing-6 << "content-length: 101[\r][\n]"
2016-01-05 19:12:48 DEBUG wire:72 - http-outgoing-6 << "server: httpd.js[\r][\n]"
2016-01-05 19:12:48 DEBUG wire:72 - http-outgoing-6 << "date: Tue, 05 Jan 2016 18:12:48 GMT[\r][\n]"
2016-01-05 19:12:48 DEBUG wire:72 - http-outgoing-6 << "[\r][\n]"
2016-01-05 19:12:48 DEBUG headers:124 - http-outgoing-6 << HTTP/1.1 200 OK
2016-01-05 19:12:48 DEBUG headers:127 - http-outgoing-6 << content-type: application/json; charset=UTF-8
2016-01-05 19:12:48 DEBUG headers:127 - http-outgoing-6 << connection: close
2016-01-05 19:12:48 DEBUG headers:127 - http-outgoing-6 << content-length: 101
2016-01-05 19:12:48 DEBUG headers:127 - http-outgoing-6 << server: httpd.js
2016-01-05 19:12:48 DEBUG headers:127 - http-outgoing-6 << date: Tue, 05 Jan 2016 18:12:48 GMT
2016-01-05 19:12:49 DEBUG wire:86 - http-outgoing-6 << "{"name":"sendKeysToElement","sessionId":"851e345c-fec9-46c9-987c-bb665f0e7f0f","status":0,"value":""}"
2016-01-05 19:12:49 DEBUG DefaultManagedHttpClientConnection:81 - http-outgoing-6: Close connection
2016-01-05 19:12:49 DEBUG MainClientExec:103 - Connection discarded
2016-01-05 19:12:49 DEBUG PoolingHttpClientConnectionManager:320 - Connection released: [id: 6][route: {}->http://127.0.0.1:7055][total kept alive: 0; route allocated: 0 of 2000; total allocated: 0 of 2000]
2016-01-05 19:12:49 INFO  AuthorLoginPage:26 - input username
2016-01-05 19:12:49 DEBUG RequestAddCookies:122 - CookieSpec selected: default
2016-01-05 19:12:49 DEBUG RequestAuthCache:76 - Auth cache not set in the context
2016-01-05 19:12:49 DEBUG PoolingHttpClientConnectionManager:249 - Connection request: [route: {}->http://127.0.0.1:7055][total kept alive: 0; route allocated: 0 of 2000; total allocated: 0 of 2000]
2016-01-05 19:12:49 DEBUG PoolingHttpClientConnectionManager:282 - Connection leased: [id: 7][route: {}->http://127.0.0.1:7055][total kept alive: 0; route allocated: 1 of 2000; total allocated: 1 of 2000]
2016-01-05 19:12:49 DEBUG MainClientExec:234 - Opening connection {}->http://127.0.0.1:7055
2016-01-05 19:12:49 DEBUG DefaultHttpClientConnectionOperator:131 - Connecting to /127.0.0.1:7055
2016-01-05 19:12:49 DEBUG DefaultHttpClientConnectionOperator:138 - Connection established 127.0.0.1:36037<->127.0.0.1:7055
2016-01-05 19:12:49 DEBUG DefaultManagedHttpClientConnection:90 - http-outgoing-7: set socket timeout to 10800000
2016-01-05 19:12:49 DEBUG MainClientExec:255 - Executing request POST /hub/session/851e345c-fec9-46c9-987c-bb665f0e7f0f/element HTTP/1.1
2016-01-05 19:12:49 DEBUG MainClientExec:260 - Target auth state: UNCHALLENGED
2016-01-05 19:12:49 DEBUG MainClientExec:266 - Proxy auth state: UNCHALLENGED
2016-01-05 19:12:49 DEBUG headers:135 - http-outgoing-7 >> POST /hub/session/851e345c-fec9-46c9-987c-bb665f0e7f0f/element HTTP/1.1
2016-01-05 19:12:49 DEBUG headers:138 - http-outgoing-7 >> Content-Type: application/json; charset=utf-8
2016-01-05 19:12:49 DEBUG headers:138 - http-outgoing-7 >> Content-Length: 33
2016-01-05 19:12:49 DEBUG headers:138 - http-outgoing-7 >> Host: 127.0.0.1:7055
2016-01-05 19:12:49 DEBUG headers:138 - http-outgoing-7 >> Connection: Keep-Alive
2016-01-05 19:12:49 DEBUG headers:138 - http-outgoing-7 >> User-Agent: Apache-HttpClient/4.5.1 (Java/1.8.0_65)
2016-01-05 19:12:49 DEBUG headers:138 - http-outgoing-7 >> Accept-Encoding: gzip,deflate
2016-01-05 19:12:49 DEBUG wire:72 - http-outgoing-7 >> "POST /hub/session/851e345c-fec9-46c9-987c-bb665f0e7f0f/element HTTP/1.1[\r][\n]"
2016-01-05 19:12:49 DEBUG wire:72 - http-outgoing-7 >> "Content-Type: application/json; charset=utf-8[\r][\n]"
2016-01-05 19:12:49 DEBUG wire:72 - http-outgoing-7 >> "Content-Length: 33[\r][\n]"
2016-01-05 19:12:49 DEBUG wire:72 - http-outgoing-7 >> "Host: 127.0.0.1:7055[\r][\n]"
2016-01-05 19:12:49 DEBUG wire:72 - http-outgoing-7 >> "Connection: Keep-Alive[\r][\n]"
2016-01-05 19:12:49 DEBUG wire:72 - http-outgoing-7 >> "User-Agent: Apache-HttpClient/4.5.1 (Java/1.8.0_65)[\r][\n]"
2016-01-05 19:12:49 DEBUG wire:72 - http-outgoing-7 >> "Accept-Encoding: gzip,deflate[\r][\n]"
2016-01-05 19:12:49 DEBUG wire:72 - http-outgoing-7 >> "[\r][\n]"
2016-01-05 19:12:49 DEBUG wire:86 - http-outgoing-7 >> "{"using":"id","value":"password"}"
2016-01-05 19:12:49 DEBUG wire:72 - http-outgoing-7 << "HTTP/1.1 200 OK[\r][\n]"
2016-01-05 19:12:49 DEBUG wire:72 - http-outgoing-7 << "content-type: application/json; charset=UTF-8[\r][\n]"
2016-01-05 19:12:49 DEBUG wire:72 - http-outgoing-7 << "connection: close[\r][\n]"
2016-01-05 19:12:49 DEBUG wire:72 - http-outgoing-7 << "content-length: 224[\r][\n]"
2016-01-05 19:12:49 DEBUG wire:72 - http-outgoing-7 << "server: httpd.js[\r][\n]"
2016-01-05 19:12:49 DEBUG wire:72 - http-outgoing-7 << "date: Tue, 05 Jan 2016 18:12:49 GMT[\r][\n]"
2016-01-05 19:12:49 DEBUG wire:72 - http-outgoing-7 << "[\r][\n]"
2016-01-05 19:12:49 DEBUG headers:124 - http-outgoing-7 << HTTP/1.1 200 OK
2016-01-05 19:12:49 DEBUG headers:127 - http-outgoing-7 << content-type: application/json; charset=UTF-8
2016-01-05 19:12:49 DEBUG headers:127 - http-outgoing-7 << connection: close
2016-01-05 19:12:49 DEBUG headers:127 - http-outgoing-7 << content-length: 224
2016-01-05 19:12:49 DEBUG headers:127 - http-outgoing-7 << server: httpd.js
2016-01-05 19:12:49 DEBUG headers:127 - http-outgoing-7 << date: Tue, 05 Jan 2016 18:12:49 GMT
2016-01-05 19:12:49 DEBUG wire:86 - http-outgoing-7 << "{"name":"findElement","sessionId":"851e345c-fec9-46c9-987c-bb665f0e7f0f","status":0,"value":{"ELEMENT":"{22f3114b-a8c7-454a-ae8d-9354e4a931ae}","element-6066-11e4-a52e-4f735466cecf":"{22f3114b-a8c7-454a-ae8d-9354e4a931ae}"}}"
2016-01-05 19:12:49 DEBUG DefaultManagedHttpClientConnection:81 - http-outgoing-7: Close connection
2016-01-05 19:12:49 DEBUG MainClientExec:103 - Connection discarded
2016-01-05 19:12:49 DEBUG PoolingHttpClientConnectionManager:320 - Connection released: [id: 7][route: {}->http://127.0.0.1:7055][total kept alive: 0; route allocated: 0 of 2000; total allocated: 0 of 2000]
2016-01-05 19:12:49 DEBUG RequestAddCookies:122 - CookieSpec selected: default
2016-01-05 19:12:49 DEBUG RequestAuthCache:76 - Auth cache not set in the context
2016-01-05 19:12:49 DEBUG PoolingHttpClientConnectionManager:249 - Connection request: [route: {}->http://127.0.0.1:7055][total kept alive: 0; route allocated: 0 of 2000; total allocated: 0 of 2000]
2016-01-05 19:12:49 DEBUG PoolingHttpClientConnectionManager:282 - Connection leased: [id: 8][route: {}->http://127.0.0.1:7055][total kept alive: 0; route allocated: 1 of 2000; total allocated: 1 of 2000]
2016-01-05 19:12:49 DEBUG MainClientExec:234 - Opening connection {}->http://127.0.0.1:7055
2016-01-05 19:12:49 DEBUG DefaultHttpClientConnectionOperator:131 - Connecting to /127.0.0.1:7055
2016-01-05 19:12:49 DEBUG DefaultHttpClientConnectionOperator:138 - Connection established 127.0.0.1:36038<->127.0.0.1:7055
2016-01-05 19:12:49 DEBUG DefaultManagedHttpClientConnection:90 - http-outgoing-8: set socket timeout to 10800000
2016-01-05 19:12:49 DEBUG MainClientExec:255 - Executing request POST /hub/session/851e345c-fec9-46c9-987c-bb665f0e7f0f/element/%7B22f3114b-a8c7-454a-ae8d-9354e4a931ae%7D/value HTTP/1.1
2016-01-05 19:12:49 DEBUG MainClientExec:260 - Target auth state: UNCHALLENGED
2016-01-05 19:12:49 DEBUG MainClientExec:266 - Proxy auth state: UNCHALLENGED
2016-01-05 19:12:49 DEBUG headers:135 - http-outgoing-8 >> POST /hub/session/851e345c-fec9-46c9-987c-bb665f0e7f0f/element/%7B22f3114b-a8c7-454a-ae8d-9354e4a931ae%7D/value HTTP/1.1
2016-01-05 19:12:49 DEBUG headers:138 - http-outgoing-8 >> Content-Type: application/json; charset=utf-8
2016-01-05 19:12:49 DEBUG headers:138 - http-outgoing-8 >> Content-Length: 65
2016-01-05 19:12:49 DEBUG headers:138 - http-outgoing-8 >> Host: 127.0.0.1:7055
2016-01-05 19:12:49 DEBUG headers:138 - http-outgoing-8 >> Connection: Keep-Alive
2016-01-05 19:12:49 DEBUG headers:138 - http-outgoing-8 >> User-Agent: Apache-HttpClient/4.5.1 (Java/1.8.0_65)
2016-01-05 19:12:49 DEBUG headers:138 - http-outgoing-8 >> Accept-Encoding: gzip,deflate
2016-01-05 19:12:49 DEBUG wire:72 - http-outgoing-8 >> "POST /hub/session/851e345c-fec9-46c9-987c-bb665f0e7f0f/element/%7B22f3114b-a8c7-454a-ae8d-9354e4a931ae%7D/value HTTP/1.1[\r][\n]"
2016-01-05 19:12:49 DEBUG wire:72 - http-outgoing-8 >> "Content-Type: application/json; charset=utf-8[\r][\n]"
2016-01-05 19:12:49 DEBUG wire:72 - http-outgoing-8 >> "Content-Length: 65[\r][\n]"
2016-01-05 19:12:49 DEBUG wire:72 - http-outgoing-8 >> "Host: 127.0.0.1:7055[\r][\n]"
2016-01-05 19:12:49 DEBUG wire:72 - http-outgoing-8 >> "Connection: Keep-Alive[\r][\n]"
2016-01-05 19:12:49 DEBUG wire:72 - http-outgoing-8 >> "User-Agent: Apache-HttpClient/4.5.1 (Java/1.8.0_65)[\r][\n]"
2016-01-05 19:12:49 DEBUG wire:72 - http-outgoing-8 >> "Accept-Encoding: gzip,deflate[\r][\n]"
2016-01-05 19:12:49 DEBUG wire:72 - http-outgoing-8 >> "[\r][\n]"
2016-01-05 19:12:49 DEBUG wire:86 - http-outgoing-8 >> "{"id":"{22f3114b-a8c7-454a-ae8d-9354e4a931ae}","value":["admin"]}"
2016-01-05 19:12:49 DEBUG wire:72 - http-outgoing-8 << "HTTP/1.1 200 OK[\r][\n]"
2016-01-05 19:12:49 DEBUG wire:72 - http-outgoing-8 << "content-type: application/json; charset=UTF-8[\r][\n]"
2016-01-05 19:12:49 DEBUG wire:72 - http-outgoing-8 << "connection: close[\r][\n]"
2016-01-05 19:12:49 DEBUG wire:72 - http-outgoing-8 << "content-length: 101[\r][\n]"
2016-01-05 19:12:49 DEBUG wire:72 - http-outgoing-8 << "server: httpd.js[\r][\n]"
2016-01-05 19:12:49 DEBUG wire:72 - http-outgoing-8 << "date: Tue, 05 Jan 2016 18:12:49 GMT[\r][\n]"
2016-01-05 19:12:49 DEBUG wire:72 - http-outgoing-8 << "[\r][\n]"
2016-01-05 19:12:49 DEBUG headers:124 - http-outgoing-8 << HTTP/1.1 200 OK
2016-01-05 19:12:49 DEBUG headers:127 - http-outgoing-8 << content-type: application/json; charset=UTF-8
2016-01-05 19:12:49 DEBUG headers:127 - http-outgoing-8 << connection: close
2016-01-05 19:12:49 DEBUG headers:127 - http-outgoing-8 << content-length: 101
2016-01-05 19:12:49 DEBUG headers:127 - http-outgoing-8 << server: httpd.js
2016-01-05 19:12:49 DEBUG headers:127 - http-outgoing-8 << date: Tue, 05 Jan 2016 18:12:49 GMT
2016-01-05 19:12:49 DEBUG wire:86 - http-outgoing-8 << "{"name":"sendKeysToElement","sessionId":"851e345c-fec9-46c9-987c-bb665f0e7f0f","status":0,"value":""}"
2016-01-05 19:12:49 DEBUG DefaultManagedHttpClientConnection:81 - http-outgoing-8: Close connection
2016-01-05 19:12:49 DEBUG MainClientExec:103 - Connection discarded
2016-01-05 19:12:49 DEBUG PoolingHttpClientConnectionManager:320 - Connection released: [id: 8][route: {}->http://127.0.0.1:7055][total kept alive: 0; route allocated: 0 of 2000; total allocated: 0 of 2000]
2016-01-05 19:12:49 INFO  AuthorLoginPage:28 - input username
2016-01-05 19:12:49 DEBUG RequestAddCookies:122 - CookieSpec selected: default
2016-01-05 19:12:49 DEBUG RequestAuthCache:76 - Auth cache not set in the context
2016-01-05 19:12:49 DEBUG PoolingHttpClientConnectionManager:249 - Connection request: [route: {}->http://127.0.0.1:7055][total kept alive: 0; route allocated: 0 of 2000; total allocated: 0 of 2000]
2016-01-05 19:12:49 DEBUG PoolingHttpClientConnectionManager:282 - Connection leased: [id: 9][route: {}->http://127.0.0.1:7055][total kept alive: 0; route allocated: 1 of 2000; total allocated: 1 of 2000]
2016-01-05 19:12:49 DEBUG MainClientExec:234 - Opening connection {}->http://127.0.0.1:7055
2016-01-05 19:12:49 DEBUG DefaultHttpClientConnectionOperator:131 - Connecting to /127.0.0.1:7055
2016-01-05 19:12:49 DEBUG DefaultHttpClientConnectionOperator:138 - Connection established 127.0.0.1:36039<->127.0.0.1:7055
2016-01-05 19:12:49 DEBUG DefaultManagedHttpClientConnection:90 - http-outgoing-9: set socket timeout to 10800000
2016-01-05 19:12:49 DEBUG MainClientExec:255 - Executing request POST /hub/session/851e345c-fec9-46c9-987c-bb665f0e7f0f/element HTTP/1.1
2016-01-05 19:12:49 DEBUG MainClientExec:260 - Target auth state: UNCHALLENGED
2016-01-05 19:12:49 DEBUG MainClientExec:266 - Proxy auth state: UNCHALLENGED
2016-01-05 19:12:49 DEBUG headers:135 - http-outgoing-9 >> POST /hub/session/851e345c-fec9-46c9-987c-bb665f0e7f0f/element HTTP/1.1
2016-01-05 19:12:49 DEBUG headers:138 - http-outgoing-9 >> Content-Type: application/json; charset=utf-8
2016-01-05 19:12:49 DEBUG headers:138 - http-outgoing-9 >> Content-Length: 58
2016-01-05 19:12:49 DEBUG headers:138 - http-outgoing-9 >> Host: 127.0.0.1:7055
2016-01-05 19:12:49 DEBUG headers:138 - http-outgoing-9 >> Connection: Keep-Alive
2016-01-05 19:12:49 DEBUG headers:138 - http-outgoing-9 >> User-Agent: Apache-HttpClient/4.5.1 (Java/1.8.0_65)
2016-01-05 19:12:49 DEBUG headers:138 - http-outgoing-9 >> Accept-Encoding: gzip,deflate
2016-01-05 19:12:49 DEBUG wire:72 - http-outgoing-9 >> "POST /hub/session/851e345c-fec9-46c9-987c-bb665f0e7f0f/element HTTP/1.1[\r][\n]"
2016-01-05 19:12:49 DEBUG wire:72 - http-outgoing-9 >> "Content-Type: application/json; charset=utf-8[\r][\n]"
2016-01-05 19:12:50 DEBUG wire:72 - http-outgoing-9 >> "Content-Length: 58[\r][\n]"
2016-01-05 19:12:50 DEBUG wire:72 - http-outgoing-9 >> "Host: 127.0.0.1:7055[\r][\n]"
2016-01-05 19:12:50 DEBUG wire:72 - http-outgoing-9 >> "Connection: Keep-Alive[\r][\n]"
2016-01-05 19:12:50 DEBUG wire:72 - http-outgoing-9 >> "User-Agent: Apache-HttpClient/4.5.1 (Java/1.8.0_65)[\r][\n]"
2016-01-05 19:12:50 DEBUG wire:72 - http-outgoing-9 >> "Accept-Encoding: gzip,deflate[\r][\n]"
2016-01-05 19:12:50 DEBUG wire:72 - http-outgoing-9 >> "[\r][\n]"
2016-01-05 19:12:50 DEBUG wire:86 - http-outgoing-9 >> "{"using":"xpath","value":"//*[contains(text(),'Log in')]"}"
2016-01-05 19:12:50 DEBUG wire:72 - http-outgoing-9 << "HTTP/1.1 200 OK[\r][\n]"
2016-01-05 19:12:50 DEBUG wire:72 - http-outgoing-9 << "content-type: application/json; charset=UTF-8[\r][\n]"
2016-01-05 19:12:50 DEBUG wire:72 - http-outgoing-9 << "connection: close[\r][\n]"
2016-01-05 19:12:50 DEBUG wire:72 - http-outgoing-9 << "content-length: 224[\r][\n]"
2016-01-05 19:12:50 DEBUG wire:72 - http-outgoing-9 << "server: httpd.js[\r][\n]"
2016-01-05 19:12:50 DEBUG wire:72 - http-outgoing-9 << "date: Tue, 05 Jan 2016 18:12:50 GMT[\r][\n]"
2016-01-05 19:12:50 DEBUG wire:72 - http-outgoing-9 << "[\r][\n]"
2016-01-05 19:12:50 DEBUG headers:124 - http-outgoing-9 << HTTP/1.1 200 OK
2016-01-05 19:12:50 DEBUG headers:127 - http-outgoing-9 << content-type: application/json; charset=UTF-8
2016-01-05 19:12:50 DEBUG headers:127 - http-outgoing-9 << connection: close
2016-01-05 19:12:50 DEBUG headers:127 - http-outgoing-9 << content-length: 224
2016-01-05 19:12:50 DEBUG headers:127 - http-outgoing-9 << server: httpd.js
2016-01-05 19:12:50 DEBUG headers:127 - http-outgoing-9 << date: Tue, 05 Jan 2016 18:12:50 GMT
2016-01-05 19:12:50 DEBUG wire:86 - http-outgoing-9 << "{"name":"findElement","sessionId":"851e345c-fec9-46c9-987c-bb665f0e7f0f","status":0,"value":{"ELEMENT":"{6a2c31e4-d9ef-4b02-9d53-05edef6e427f}","element-6066-11e4-a52e-4f735466cecf":"{6a2c31e4-d9ef-4b02-9d53-05edef6e427f}"}}"
2016-01-05 19:12:50 DEBUG DefaultManagedHttpClientConnection:81 - http-outgoing-9: Close connection
2016-01-05 19:12:50 DEBUG MainClientExec:103 - Connection discarded
2016-01-05 19:12:50 DEBUG PoolingHttpClientConnectionManager:320 - Connection released: [id: 9][route: {}->http://127.0.0.1:7055][total kept alive: 0; route allocated: 0 of 2000; total allocated: 0 of 2000]
2016-01-05 19:12:50 DEBUG RequestAddCookies:122 - CookieSpec selected: default
2016-01-05 19:12:50 DEBUG RequestAuthCache:76 - Auth cache not set in the context
2016-01-05 19:12:50 DEBUG PoolingHttpClientConnectionManager:249 - Connection request: [route: {}->http://127.0.0.1:7055][total kept alive: 0; route allocated: 0 of 2000; total allocated: 0 of 2000]
2016-01-05 19:12:50 DEBUG PoolingHttpClientConnectionManager:282 - Connection leased: [id: 10][route: {}->http://127.0.0.1:7055][total kept alive: 0; route allocated: 1 of 2000; total allocated: 1 of 2000]
2016-01-05 19:12:50 DEBUG MainClientExec:234 - Opening connection {}->http://127.0.0.1:7055
2016-01-05 19:12:50 DEBUG DefaultHttpClientConnectionOperator:131 - Connecting to /127.0.0.1:7055
2016-01-05 19:12:50 DEBUG DefaultHttpClientConnectionOperator:138 - Connection established 127.0.0.1:36040<->127.0.0.1:7055
2016-01-05 19:12:50 DEBUG DefaultManagedHttpClientConnection:90 - http-outgoing-10: set socket timeout to 10800000
2016-01-05 19:12:50 DEBUG MainClientExec:255 - Executing request POST /hub/session/851e345c-fec9-46c9-987c-bb665f0e7f0f/element/%7B6a2c31e4-d9ef-4b02-9d53-05edef6e427f%7D/submit HTTP/1.1
2016-01-05 19:12:50 DEBUG MainClientExec:260 - Target auth state: UNCHALLENGED
2016-01-05 19:12:50 DEBUG MainClientExec:266 - Proxy auth state: UNCHALLENGED
2016-01-05 19:12:50 DEBUG headers:135 - http-outgoing-10 >> POST /hub/session/851e345c-fec9-46c9-987c-bb665f0e7f0f/element/%7B6a2c31e4-d9ef-4b02-9d53-05edef6e427f%7D/submit HTTP/1.1
2016-01-05 19:12:50 DEBUG headers:138 - http-outgoing-10 >> Content-Type: application/json; charset=utf-8
2016-01-05 19:12:50 DEBUG headers:138 - http-outgoing-10 >> Content-Length: 47
2016-01-05 19:12:50 DEBUG headers:138 - http-outgoing-10 >> Host: 127.0.0.1:7055
2016-01-05 19:12:50 DEBUG headers:138 - http-outgoing-10 >> Connection: Keep-Alive
2016-01-05 19:12:50 DEBUG headers:138 - http-outgoing-10 >> User-Agent: Apache-HttpClient/4.5.1 (Java/1.8.0_65)
2016-01-05 19:12:50 DEBUG headers:138 - http-outgoing-10 >> Accept-Encoding: gzip,deflate
2016-01-05 19:12:50 DEBUG wire:72 - http-outgoing-10 >> "POST /hub/session/851e345c-fec9-46c9-987c-bb665f0e7f0f/element/%7B6a2c31e4-d9ef-4b02-9d53-05edef6e427f%7D/submit HTTP/1.1[\r][\n]"
2016-01-05 19:12:50 DEBUG wire:72 - http-outgoing-10 >> "Content-Type: application/json; charset=utf-8[\r][\n]"
2016-01-05 19:12:50 DEBUG wire:72 - http-outgoing-10 >> "Content-Length: 47[\r][\n]"
2016-01-05 19:12:50 DEBUG wire:72 - http-outgoing-10 >> "Host: 127.0.0.1:7055[\r][\n]"
2016-01-05 19:12:50 DEBUG wire:72 - http-outgoing-10 >> "Connection: Keep-Alive[\r][\n]"
2016-01-05 19:12:50 DEBUG wire:72 - http-outgoing-10 >> "User-Agent: Apache-HttpClient/4.5.1 (Java/1.8.0_65)[\r][\n]"
2016-01-05 19:12:50 DEBUG wire:72 - http-outgoing-10 >> "Accept-Encoding: gzip,deflate[\r][\n]"
2016-01-05 19:12:50 DEBUG wire:72 - http-outgoing-10 >> "[\r][\n]"
2016-01-05 19:12:50 DEBUG wire:86 - http-outgoing-10 >> "{"id":"{6a2c31e4-d9ef-4b02-9d53-05edef6e427f}"}"
2016-01-05 19:12:56 DEBUG wire:72 - http-outgoing-10 << "HTTP/1.1 200 OK[\r][\n]"
2016-01-05 19:12:56 DEBUG wire:72 - http-outgoing-10 << "content-type: application/json; charset=UTF-8[\r][\n]"
2016-01-05 19:12:56 DEBUG wire:72 - http-outgoing-10 << "connection: close[\r][\n]"
2016-01-05 19:12:56 DEBUG wire:72 - http-outgoing-10 << "content-length: 97[\r][\n]"
2016-01-05 19:12:56 DEBUG wire:72 - http-outgoing-10 << "server: httpd.js[\r][\n]"
2016-01-05 19:12:56 DEBUG wire:72 - http-outgoing-10 << "date: Tue, 05 Jan 2016 18:12:56 GMT[\r][\n]"
2016-01-05 19:12:56 DEBUG wire:72 - http-outgoing-10 << "[\r][\n]"
2016-01-05 19:12:56 DEBUG headers:124 - http-outgoing-10 << HTTP/1.1 200 OK
2016-01-05 19:12:56 DEBUG headers:127 - http-outgoing-10 << content-type: application/json; charset=UTF-8
2016-01-05 19:12:56 DEBUG headers:127 - http-outgoing-10 << connection: close
2016-01-05 19:12:56 DEBUG headers:127 - http-outgoing-10 << content-length: 97
2016-01-05 19:12:56 DEBUG headers:127 - http-outgoing-10 << server: httpd.js
2016-01-05 19:12:56 DEBUG headers:127 - http-outgoing-10 << date: Tue, 05 Jan 2016 18:12:56 GMT
2016-01-05 19:12:56 DEBUG wire:86 - http-outgoing-10 << "{"name":"submitElement","sessionId":"851e345c-fec9-46c9-987c-bb665f0e7f0f","status":0,"value":""}"
2016-01-05 19:12:56 DEBUG DefaultManagedHttpClientConnection:81 - http-outgoing-10: Close connection
2016-01-05 19:12:56 DEBUG MainClientExec:103 - Connection discarded
2016-01-05 19:12:56 DEBUG PoolingHttpClientConnectionManager:320 - Connection released: [id: 10][route: {}->http://127.0.0.1:7055][total kept alive: 0; route allocated: 0 of 2000; total allocated: 0 of 2000]
2016-01-05 19:12:56 DEBUG RequestAddCookies:122 - CookieSpec selected: default
2016-01-05 19:12:56 DEBUG RequestAuthCache:76 - Auth cache not set in the context
2016-01-05 19:12:56 DEBUG PoolingHttpClientConnectionManager:249 - Connection request: [route: {}->http://127.0.0.1:7055][total kept alive: 0; route allocated: 0 of 2000; total allocated: 0 of 2000]
2016-01-05 19:12:56 DEBUG PoolingHttpClientConnectionManager:282 - Connection leased: [id: 11][route: {}->http://127.0.0.1:7055][total kept alive: 0; route allocated: 1 of 2000; total allocated: 1 of 2000]
2016-01-05 19:12:56 DEBUG MainClientExec:234 - Opening connection {}->http://127.0.0.1:7055
2016-01-05 19:12:56 DEBUG DefaultHttpClientConnectionOperator:131 - Connecting to /127.0.0.1:7055
2016-01-05 19:12:56 DEBUG DefaultHttpClientConnectionOperator:138 - Connection established 127.0.0.1:36043<->127.0.0.1:7055
2016-01-05 19:12:56 DEBUG DefaultManagedHttpClientConnection:90 - http-outgoing-11: set socket timeout to 10800000
2016-01-05 19:12:56 DEBUG MainClientExec:255 - Executing request POST /hub/session/851e345c-fec9-46c9-987c-bb665f0e7f0f/element HTTP/1.1
2016-01-05 19:12:56 DEBUG MainClientExec:260 - Target auth state: UNCHALLENGED
2016-01-05 19:12:56 DEBUG MainClientExec:266 - Proxy auth state: UNCHALLENGED
2016-01-05 19:12:56 DEBUG headers:135 - http-outgoing-11 >> POST /hub/session/851e345c-fec9-46c9-987c-bb665f0e7f0f/element HTTP/1.1
2016-01-05 19:12:56 DEBUG headers:138 - http-outgoing-11 >> Content-Type: application/json; charset=utf-8
2016-01-05 19:12:56 DEBUG headers:138 - http-outgoing-11 >> Content-Length: 65
2016-01-05 19:12:56 DEBUG headers:138 - http-outgoing-11 >> Host: 127.0.0.1:7055
2016-01-05 19:12:56 DEBUG headers:138 - http-outgoing-11 >> Connection: Keep-Alive
2016-01-05 19:12:56 DEBUG headers:138 - http-outgoing-11 >> User-Agent: Apache-HttpClient/4.5.1 (Java/1.8.0_65)
2016-01-05 19:12:56 DEBUG headers:138 - http-outgoing-11 >> Accept-Encoding: gzip,deflate
2016-01-05 19:12:56 DEBUG wire:72 - http-outgoing-11 >> "POST /hub/session/851e345c-fec9-46c9-987c-bb665f0e7f0f/element HTTP/1.1[\r][\n]"
2016-01-05 19:12:56 DEBUG wire:72 - http-outgoing-11 >> "Content-Type: application/json; charset=utf-8[\r][\n]"
2016-01-05 19:12:56 DEBUG wire:72 - http-outgoing-11 >> "Content-Length: 65[\r][\n]"
2016-01-05 19:12:56 DEBUG wire:72 - http-outgoing-11 >> "Host: 127.0.0.1:7055[\r][\n]"
2016-01-05 19:12:56 DEBUG wire:72 - http-outgoing-11 >> "Connection: Keep-Alive[\r][\n]"
2016-01-05 19:12:56 DEBUG wire:72 - http-outgoing-11 >> "User-Agent: Apache-HttpClient/4.5.1 (Java/1.8.0_65)[\r][\n]"
2016-01-05 19:12:56 DEBUG wire:72 - http-outgoing-11 >> "Accept-Encoding: gzip,deflate[\r][\n]"
2016-01-05 19:12:56 DEBUG wire:72 - http-outgoing-11 >> "[\r][\n]"
2016-01-05 19:12:56 DEBUG wire:86 - http-outgoing-11 >> "{"using":"xpath","value":".//*[@id='users-profile-core']/legend"}"
2016-01-05 19:12:56 DEBUG wire:72 - http-outgoing-11 << "HTTP/1.1 200 OK[\r][\n]"
2016-01-05 19:12:56 DEBUG wire:72 - http-outgoing-11 << "content-type: application/json; charset=UTF-8[\r][\n]"
2016-01-05 19:12:56 DEBUG wire:72 - http-outgoing-11 << "connection: close[\r][\n]"
2016-01-05 19:12:56 DEBUG wire:72 - http-outgoing-11 << "content-length: 224[\r][\n]"
2016-01-05 19:12:56 DEBUG wire:72 - http-outgoing-11 << "server: httpd.js[\r][\n]"
2016-01-05 19:12:56 DEBUG wire:72 - http-outgoing-11 << "date: Tue, 05 Jan 2016 18:12:56 GMT[\r][\n]"
2016-01-05 19:12:56 DEBUG wire:72 - http-outgoing-11 << "[\r][\n]"
2016-01-05 19:12:56 DEBUG headers:124 - http-outgoing-11 << HTTP/1.1 200 OK
2016-01-05 19:12:56 DEBUG headers:127 - http-outgoing-11 << content-type: application/json; charset=UTF-8
2016-01-05 19:12:56 DEBUG headers:127 - http-outgoing-11 << connection: close
2016-01-05 19:12:56 DEBUG headers:127 - http-outgoing-11 << content-length: 224
2016-01-05 19:12:56 DEBUG headers:127 - http-outgoing-11 << server: httpd.js
2016-01-05 19:12:56 DEBUG headers:127 - http-outgoing-11 << date: Tue, 05 Jan 2016 18:12:56 GMT
2016-01-05 19:12:56 DEBUG wire:86 - http-outgoing-11 << "{"name":"findElement","sessionId":"851e345c-fec9-46c9-987c-bb665f0e7f0f","status":0,"value":{"ELEMENT":"{9caeaaff-bee2-4109-84c6-05e6d77d3f08}","element-6066-11e4-a52e-4f735466cecf":"{9caeaaff-bee2-4109-84c6-05e6d77d3f08}"}}"
2016-01-05 19:12:56 DEBUG DefaultManagedHttpClientConnection:81 - http-outgoing-11: Close connection
2016-01-05 19:12:56 DEBUG MainClientExec:103 - Connection discarded
2016-01-05 19:12:56 DEBUG PoolingHttpClientConnectionManager:320 - Connection released: [id: 11][route: {}->http://127.0.0.1:7055][total kept alive: 0; route allocated: 0 of 2000; total allocated: 0 of 2000]
2016-01-05 19:12:56 DEBUG RequestAddCookies:122 - CookieSpec selected: default
2016-01-05 19:12:56 DEBUG RequestAuthCache:76 - Auth cache not set in the context
2016-01-05 19:12:56 DEBUG PoolingHttpClientConnectionManager:249 - Connection request: [route: {}->http://127.0.0.1:7055][total kept alive: 0; route allocated: 0 of 2000; total allocated: 0 of 2000]
2016-01-05 19:12:56 DEBUG PoolingHttpClientConnectionManager:282 - Connection leased: [id: 12][route: {}->http://127.0.0.1:7055][total kept alive: 0; route allocated: 1 of 2000; total allocated: 1 of 2000]
2016-01-05 19:12:56 DEBUG MainClientExec:234 - Opening connection {}->http://127.0.0.1:7055
2016-01-05 19:12:56 DEBUG DefaultHttpClientConnectionOperator:131 - Connecting to /127.0.0.1:7055
2016-01-05 19:12:56 DEBUG DefaultHttpClientConnectionOperator:138 - Connection established 127.0.0.1:36044<->127.0.0.1:7055
2016-01-05 19:12:56 DEBUG DefaultManagedHttpClientConnection:90 - http-outgoing-12: set socket timeout to 10800000
2016-01-05 19:12:56 DEBUG MainClientExec:255 - Executing request GET /hub/session/851e345c-fec9-46c9-987c-bb665f0e7f0f/element/%7B9caeaaff-bee2-4109-84c6-05e6d77d3f08%7D/text HTTP/1.1
2016-01-05 19:12:56 DEBUG MainClientExec:260 - Target auth state: UNCHALLENGED
2016-01-05 19:12:56 DEBUG MainClientExec:266 - Proxy auth state: UNCHALLENGED
2016-01-05 19:12:56 DEBUG headers:135 - http-outgoing-12 >> GET /hub/session/851e345c-fec9-46c9-987c-bb665f0e7f0f/element/%7B9caeaaff-bee2-4109-84c6-05e6d77d3f08%7D/text HTTP/1.1
2016-01-05 19:12:56 DEBUG headers:138 - http-outgoing-12 >> Cache-Control: no-cache
2016-01-05 19:12:56 DEBUG headers:138 - http-outgoing-12 >> Host: 127.0.0.1:7055
2016-01-05 19:12:56 DEBUG headers:138 - http-outgoing-12 >> Connection: Keep-Alive
2016-01-05 19:12:56 DEBUG headers:138 - http-outgoing-12 >> User-Agent: Apache-HttpClient/4.5.1 (Java/1.8.0_65)
2016-01-05 19:12:56 DEBUG headers:138 - http-outgoing-12 >> Accept-Encoding: gzip,deflate
2016-01-05 19:12:56 DEBUG wire:72 - http-outgoing-12 >> "GET /hub/session/851e345c-fec9-46c9-987c-bb665f0e7f0f/element/%7B9caeaaff-bee2-4109-84c6-05e6d77d3f08%7D/text HTTP/1.1[\r][\n]"
2016-01-05 19:12:56 DEBUG wire:72 - http-outgoing-12 >> "Cache-Control: no-cache[\r][\n]"
2016-01-05 19:12:56 DEBUG wire:72 - http-outgoing-12 >> "Host: 127.0.0.1:7055[\r][\n]"
2016-01-05 19:12:56 DEBUG wire:72 - http-outgoing-12 >> "Connection: Keep-Alive[\r][\n]"
2016-01-05 19:12:56 DEBUG wire:72 - http-outgoing-12 >> "User-Agent: Apache-HttpClient/4.5.1 (Java/1.8.0_65)[\r][\n]"
2016-01-05 19:12:56 DEBUG wire:72 - http-outgoing-12 >> "Accept-Encoding: gzip,deflate[\r][\n]"
2016-01-05 19:12:56 DEBUG wire:72 - http-outgoing-12 >> "[\r][\n]"
2016-01-05 19:12:57 DEBUG wire:72 - http-outgoing-12 << "HTTP/1.1 200 OK[\r][\n]"
2016-01-05 19:12:57 DEBUG wire:72 - http-outgoing-12 << "content-type: application/json; charset=UTF-8[\r][\n]"
2016-01-05 19:12:57 DEBUG wire:72 - http-outgoing-12 << "connection: close[\r][\n]"
2016-01-05 19:12:57 DEBUG wire:72 - http-outgoing-12 << "content-length: 105[\r][\n]"
2016-01-05 19:12:57 DEBUG wire:72 - http-outgoing-12 << "server: httpd.js[\r][\n]"
2016-01-05 19:12:57 DEBUG wire:72 - http-outgoing-12 << "date: Tue, 05 Jan 2016 18:12:56 GMT[\r][\n]"
2016-01-05 19:12:57 DEBUG wire:72 - http-outgoing-12 << "[\r][\n]"
2016-01-05 19:12:57 DEBUG headers:124 - http-outgoing-12 << HTTP/1.1 200 OK
2016-01-05 19:12:57 DEBUG headers:127 - http-outgoing-12 << content-type: application/json; charset=UTF-8
2016-01-05 19:12:57 DEBUG headers:127 - http-outgoing-12 << connection: close
2016-01-05 19:12:57 DEBUG headers:127 - http-outgoing-12 << content-length: 105
2016-01-05 19:12:57 DEBUG headers:127 - http-outgoing-12 << server: httpd.js
2016-01-05 19:12:57 DEBUG headers:127 - http-outgoing-12 << date: Tue, 05 Jan 2016 18:12:56 GMT
2016-01-05 19:12:57 DEBUG wire:86 - http-outgoing-12 << "{"name":"getElementText","sessionId":"851e345c-fec9-46c9-987c-bb665f0e7f0f","status":0,"value":"Profile"}"
2016-01-05 19:12:57 DEBUG DefaultManagedHttpClientConnection:81 - http-outgoing-12: Close connection
2016-01-05 19:12:57 DEBUG MainClientExec:103 - Connection discarded
2016-01-05 19:12:57 DEBUG PoolingHttpClientConnectionManager:320 - Connection released: [id: 12][route: {}->http://127.0.0.1:7055][total kept alive: 0; route allocated: 0 of 2000; total allocated: 0 of 2000]
]]></system-out>
  </testcase>
</testsuite>